23:36:05.735 INFO [main] cn.com.sun.crawler.AbstractVideoCrawler - crawler parse page :http://91porn.com/index.php start
23:36:08.989 INFO [main] cn.com.sun.crawler.util.HttpClient - begin request : http://91porn.com/index.php
23:36:08.989 INFO [main] cn.com.sun.crawler.util.HttpClient - try count：1
23:36:09.807 INFO [main] cn.com.sun.crawler.util.HttpClient - response status:HTTP/1.1 200 OK 
23:36:10.417 INFO [main] cn.com.sun.crawler.AbstractVideoCrawler - filter downloaded video:“打电话给你兄弟，叫床给他听”
23:36:10.418 INFO [main] cn.com.sun.crawler.AbstractVideoCrawler - filter downloaded video:你们喜欢的碎花裙yyds预告，露脸职校生，点赞收正片
23:36:10.418 INFO [main] cn.com.sun.crawler.AbstractVideoCrawler - filter downloaded video:啊 我喷了 爸霸对不起
23:36:10.419 INFO [main] cn.com.sun.crawler.AbstractVideoCrawler - filter downloaded video:90后深圳人妻小辣椒 排卵期无套内射 点赞加关注
23:36:10.419 INFO [main] cn.com.sun.crawler.AbstractVideoCrawler - filter downloaded video:露脸超美乳头校花下集，你们要的露脸口关注收藏出旗袍哦
23:36:10.419 INFO [main] cn.com.sun.crawler.AbstractVideoCrawler - filter downloaded video:“你疯了，我叫出来就被发现了”过年和邻居家少妇偷情，楼道抱插被发现
23:36:10.419 INFO [main] cn.com.sun.crawler.AbstractVideoCrawler - filter downloaded video:爆乳来袭！狠狠蹂躏我的大奶子！越用力我越喜欢！
23:36:10.419 INFO [main] cn.com.sun.crawler.AbstractVideoCrawler - filter downloaded video:酒吧销售为了业绩答应和我开房~结尾无情颜射
23:36:10.419 INFO [main] cn.com.sun.crawler.AbstractVideoCrawler - filter downloaded video:未发布小片段+结尾女主福利 推特在结尾
23:36:10.419 INFO [main] cn.com.sun.crawler.AbstractVideoCrawler - filter downloaded video:“你快点射，我对象快回家了”卖衣服少妇为了任务献身，长靴肉丝挨操内射
23:36:10.420 INFO [main] cn.com.sun.crawler.AbstractVideoCrawler - filter downloaded video:有出轨癖的人妻
23:36:10.420 INFO [main] cn.com.sun.crawler.AbstractVideoCrawler - filter downloaded video:姑妈不在家！表妹彻底沦陷！我和表弟爽翻天！
23:36:10.420 INFO [main] cn.com.sun.crawler.AbstractVideoCrawler - filter downloaded video:内射一个丰满肉弹巨乳大骚逼少妇！下部！只发一次记得收藏！
23:36:10.420 INFO [main] cn.com.sun.crawler.AbstractVideoCrawler - filter downloaded video:“生气了，你操的太痛了”巨乳人妻偷情
23:36:10.420 INFO [main] cn.com.sun.crawler.AbstractVideoCrawler - filter downloaded video:人妻少妇一边偷情一边回老公信息下集 接广告 长期稳定
23:36:10.420 INFO [main] cn.com.sun.crawler.AbstractVideoCrawler - filter downloaded video:无套露脸害羞学妹，射满嘴一脸满足
23:36:10.420 INFO [main] cn.com.sun.crawler.AbstractVideoCrawler - filter downloaded video:“我让你操，你可一定要把房子买了”售楼小姐为了卖房短裙丝袜露脸被内射
23:36:10.420 INFO [main] cn.com.sun.crawler.AbstractVideoCrawler - filter downloaded video:超嫩的高三学妹表情到位舒服的抓床单 创作不易 请收藏支持一下
23:36:10.420 INFO [main] cn.com.sun.crawler.AbstractVideoCrawler - filter downloaded video:“我是贱货，我喜欢被内射，求你别停”拜金学生假期背着男友约出来灌精
23:36:10.421 INFO [main] cn.com.sun.crawler.AbstractVideoCrawler - filter downloaded video:「下部已发」勾引老板的秘书！极品少妇！肤白貌美！时间少有
23:36:10.421 INFO [main] cn.com.sun.crawler.AbstractVideoCrawler - filter downloaded video:DY网红模特，蜜桃臀长靴站立后入，顶到了，求你轻点～
23:36:10.421 INFO [main] cn.com.sun.crawler.AbstractVideoCrawler - filter downloaded video:央央新作，无套内射特写
23:36:10.421 INFO [main] cn.com.sun.crawler.AbstractVideoCrawler - filter downloaded video:178长腿女仆
23:36:10.421 INFO [main] cn.com.sun.crawler.AbstractVideoCrawler - filter downloaded video:20厘米大屌哥激情啪啪，全程露脸深喉草嘴，床边各种轮草抽插，高潮喷水
23:36:10.422 INFO [main] cn.com.sun.crawler.AbstractVideoCrawler - crawler parse page :http://91porn.com/index.php end
23:36:10.422 INFO [main] cn.com.sun.crawler.AbstractVideoCrawler - crawler parse page :http://91porn.com/v.php?category=hot&viewtype=basic start
23:36:10.422 INFO [main] cn.com.sun.crawler.util.HttpClient - begin request : http://91porn.com/v.php?category=hot&viewtype=basic
23:36:10.422 INFO [main] cn.com.sun.crawler.util.HttpClient - try count：1
23:36:11.116 INFO [main] cn.com.sun.crawler.util.HttpClient - response status:HTTP/1.1 200 OK 
23:36:11.350 INFO [main] cn.com.sun.crawler.AbstractVideoCrawler - filter downloaded video:“打电话给你兄弟，叫床给他听”
23:36:11.351 INFO [main] cn.com.sun.crawler.AbstractVideoCrawler - filter downloaded video:啊 我喷了 爸霸对不起
23:36:11.351 INFO [main] cn.com.sun.crawler.AbstractVideoCrawler - filter downloaded video:90后深圳人妻小辣椒 排卵期无套内射 点赞加关注
23:36:11.351 INFO [main] cn.com.sun.crawler.AbstractVideoCrawler - filter downloaded video:露脸超美乳头校花下集，你们要的露脸口关注收藏出旗袍哦
23:36:11.351 INFO [main] cn.com.sun.crawler.AbstractVideoCrawler - filter downloaded video:DY网红模特，蜜桃臀长靴站立后入，顶到了，求你轻点～
23:36:11.352 INFO [main] cn.com.sun.crawler.AbstractVideoCrawler - filter downloaded video:178长腿女仆
23:36:11.352 INFO [main] cn.com.sun.crawler.AbstractVideoCrawler - filter downloaded video:爆乳来袭！狠狠蹂躏我的大奶子！越用力我越喜欢！
23:36:11.352 INFO [main] cn.com.sun.crawler.AbstractVideoCrawler - filter downloaded video:真实年后第一次去同事家，都憋坏了~
23:36:11.352 INFO [main] cn.com.sun.crawler.AbstractVideoCrawler - filter downloaded video:“你疯了，我叫出来就被发现了”过年和邻居家少妇偷情，楼道抱插被发现
23:36:11.353 INFO [main] cn.com.sun.crawler.AbstractVideoCrawler - filter downloaded video:原创认证在15秒，今天下面已经是哥哥的样子咯
23:36:11.353 INFO [main] cn.com.sun.crawler.AbstractVideoCrawler - filter downloaded video:你们喜欢的碎花裙yyds预告，露脸职校生，点赞收正片
23:36:11.353 INFO [main] cn.com.sun.crawler.AbstractVideoCrawler - filter downloaded video:按摩店发骚被草尿两次不敢大声叫 结尾内射
23:36:11.353 INFO [main] cn.com.sun.crawler.AbstractVideoCrawler - filter downloaded video:酒吧销售为了业绩答应和我开房~结尾无情颜射
23:36:11.354 INFO [main] cn.com.sun.crawler.AbstractVideoCrawler - filter downloaded video:20厘米大屌哥激情啪啪，全程露脸深喉草嘴，床边各种轮草抽插，高潮喷水
23:36:11.354 INFO [main] cn.com.sun.crawler.AbstractVideoCrawler - filter downloaded video:“你快点射，我对象快回家了”卖衣服少妇为了任务献身，长靴肉丝挨操内射
23:36:11.354 INFO [main] cn.com.sun.crawler.AbstractVideoCrawler - filter downloaded video:未发布小片段+结尾女主福利 推特在结尾
23:36:11.355 INFO [main] cn.com.sun.crawler.AbstractVideoCrawler - filter downloaded video:姑妈不在家！表妹彻底沦陷！我和表弟爽翻天！
23:36:11.355 INFO [main] cn.com.sun.crawler.AbstractVideoCrawler - filter downloaded video:有出轨癖的人妻
23:36:11.355 INFO [main] cn.com.sun.crawler.AbstractVideoCrawler - filter downloaded video:“只要他够帅，你们可以3p我啊”soul上认识的医学院学生被操上瘾
23:36:11.355 INFO [main] cn.com.sun.crawler.AbstractVideoCrawler - filter downloaded video:人妻少妇一边偷情一边回老公信息下集 接广告 长期稳定
23:36:11.356 INFO [main] cn.com.sun.crawler.AbstractVideoCrawler - filter downloaded video:“我让你操，你可一定要把房子买了”售楼小姐为了卖房短裙丝袜露脸被内射
23:36:11.356 INFO [main] cn.com.sun.crawler.AbstractVideoCrawler - filter downloaded video:绿帽首次找单男3p 老婆开始有点害羞 被单男舔逼后骚出本性了
23:36:11.356 INFO [main] cn.com.sun.crawler.AbstractVideoCrawler - crawler parse page :http://91porn.com/v.php?category=hot&viewtype=basic end
23:36:11.356 INFO [main] cn.com.sun.crawler.AbstractVideoCrawler - crawler parse page :http://91porn.com/v.php?category=rf&viewtype=basic start
23:36:11.357 INFO [main] cn.com.sun.crawler.util.HttpClient - begin request : http://91porn.com/v.php?category=rf&viewtype=basic
23:36:11.357 INFO [main] cn.com.sun.crawler.util.HttpClient - try count：1
23:36:12.023 INFO [main] cn.com.sun.crawler.util.HttpClient - response status:HTTP/1.1 200 OK 
23:36:12.186 INFO [main] cn.com.sun.crawler.AbstractVideoCrawler - filter downloaded video:20厘米大屌哥激情啪啪，全程露脸深喉草嘴，床边各种轮草抽插，高潮喷水
23:36:12.186 INFO [main] cn.com.sun.crawler.AbstractVideoCrawler - filter downloaded video:DY网红模特，蜜桃臀长靴站立后入，顶到了，求你轻点～
23:36:12.186 INFO [main] cn.com.sun.crawler.AbstractVideoCrawler - filter downloaded video:未发布小片段+结尾女主福利 推特在结尾
23:36:12.186 INFO [main] cn.com.sun.crawler.AbstractVideoCrawler - filter downloaded video:爆乳来袭！狠狠蹂躏我的大奶子！越用力我越喜欢！
23:36:12.187 INFO [main] cn.com.sun.crawler.AbstractVideoCrawler - filter downloaded video:酒吧销售为了业绩答应和我开房~结尾无情颜射
23:36:12.187 INFO [main] cn.com.sun.crawler.AbstractVideoCrawler - filter downloaded video:“打电话给你兄弟，叫床给他听”
23:36:12.187 INFO [main] cn.com.sun.crawler.AbstractVideoCrawler - filter downloaded video:“你疯了，我叫出来就被发现了”过年和邻居家少妇偷情，楼道抱插被发现
23:36:12.187 INFO [main] cn.com.sun.crawler.AbstractVideoCrawler - filter downloaded video:178长腿女仆
23:36:12.187 INFO [main] cn.com.sun.crawler.AbstractVideoCrawler - filter downloaded video:啊 我喷了 爸霸对不起
23:36:12.187 INFO [main] cn.com.sun.crawler.AbstractVideoCrawler - filter downloaded video:你们喜欢的碎花裙yyds预告，露脸职校生，点赞收正片
23:36:12.187 INFO [main] cn.com.sun.crawler.AbstractVideoCrawler - filter downloaded video:90后深圳人妻小辣椒 排卵期无套内射 点赞加关注
23:36:12.187 INFO [main] cn.com.sun.crawler.AbstractVideoCrawler - filter downloaded video:露脸超美乳头校花下集，你们要的露脸口关注收藏出旗袍哦
23:36:12.187 INFO [main] cn.com.sun.crawler.AbstractVideoCrawler - filter downloaded video:央央新作，无套内射特写
23:36:12.187 INFO [main] cn.com.sun.crawler.AbstractVideoCrawler - filter downloaded video:白嫩的女友兼秘书送给绿主大哥玩
23:36:12.188 INFO [main] cn.com.sun.crawler.AbstractVideoCrawler - filter downloaded video:游戏重要还是我重要？口到一半还换了身衣服继续口
23:36:12.188 INFO [main] cn.com.sun.crawler.AbstractVideoCrawler - filter downloaded video:你们催的露脸清纯校花，我太爱她的乳头了，关注看后续收藏
23:36:12.188 INFO [main] cn.com.sun.crawler.AbstractVideoCrawler - filter downloaded video:全程高能——性感一字高跟黑丝内射完舔干净
23:36:12.188 INFO [main] cn.com.sun.crawler.AbstractVideoCrawler - filter downloaded video:喜欢紧身牛仔裤的福音，隔着裤子都闻到一股骚味
23:36:12.188 INFO [main] cn.com.sun.crawler.AbstractVideoCrawler - filter downloaded video:才喝了一瓶啤酒就把极品长腿美女搞上床了
23:36:12.188 INFO [main] cn.com.sun.crawler.AbstractVideoCrawler - filter downloaded video:极品露脸00年双马尾学妹合集
23:36:12.188 INFO [main] cn.com.sun.crawler.AbstractVideoCrawler - filter downloaded video:原创冒死露屌勾引顺风车熟女人妻乘客
23:36:12.188 INFO [main] cn.com.sun.crawler.AbstractVideoCrawler - filter downloaded video:目睹白嫩女友服侍绿主大哥,我全程只能打飞机
23:36:12.188 INFO [main] cn.com.sun.crawler.AbstractVideoCrawler - filter downloaded video:美院学妹会瑜伽 床尾深喉后入外射 完整版
23:36:12.188 INFO [main] cn.com.sun.crawler.AbstractVideoCrawler - filter downloaded video:多体位操翻连体丝袜母狗，淫娃骚话满天飞
23:36:12.188 INFO [main] cn.com.sun.crawler.AbstractVideoCrawler - crawler parse page :http://91porn.com/v.php?category=rf&viewtype=basic end
23:36:12.188 INFO [main] cn.com.sun.crawler.AbstractVideoCrawler - crawler parse page :http://91porn.com/v.php?category=top&viewtype=basic start
23:36:12.188 INFO [main] cn.com.sun.crawler.util.HttpClient - begin request : http://91porn.com/v.php?category=top&viewtype=basic
23:36:12.188 INFO [main] cn.com.sun.crawler.util.HttpClient - try count：1
23:36:12.803 INFO [main] cn.com.sun.crawler.util.HttpClient - response status:HTTP/1.1 200 OK 
23:36:12.911 INFO [main] cn.com.sun.crawler.AbstractVideoCrawler - filter downloaded video:约发育超好的03年学妹居然是巨乳发育的真好
23:36:12.911 INFO [main] cn.com.sun.crawler.AbstractVideoCrawler - filter downloaded video:体校队的大姐大
23:36:12.911 INFO [main] cn.com.sun.crawler.AbstractVideoCrawler - filter downloaded video:学妹真实出轨实录，对白精彩！请用力草我！
23:36:12.911 INFO [main] cn.com.sun.crawler.AbstractVideoCrawler - filter downloaded video:按摩店人前露出，勾引技师操了两次（上集接广告）
23:36:12.911 INFO [main] cn.com.sun.crawler.AbstractVideoCrawler - filter downloaded video:露脸少妇对白：我不骚！啊！深一点，草我！
23:36:12.911 INFO [main] cn.com.sun.crawler.AbstractVideoCrawler - filter downloaded video:“我ma把你微信好友删了”家里管得严的妹子，家里人删她微信好友
23:36:12.911 INFO [main] cn.com.sun.crawler.AbstractVideoCrawler - filter downloaded video:极品E奶美女大早上把我骑醒 晃得眼花 (已更新跪舔)
23:36:12.911 INFO [main] cn.com.sun.crawler.AbstractVideoCrawler - filter downloaded video:宿舍里的真实偷情！
23:36:12.911 INFO [main] cn.com.sun.crawler.AbstractVideoCrawler - filter downloaded video:长得漂亮 胸又挺
23:36:12.911 INFO [main] cn.com.sun.crawler.AbstractVideoCrawler - filter downloaded video:上海嘻哈女疯狂爱上18CM的铁棒！
23:36:12.911 INFO [main] cn.com.sun.crawler.AbstractVideoCrawler - filter downloaded video:00后美女说伤心了，想起前男友哭了，颜值不错
23:36:12.911 INFO [main] cn.com.sun.crawler.AbstractVideoCrawler - filter downloaded video:“打电话给你兄弟，叫床给他听”
23:36:12.911 INFO [main] cn.com.sun.crawler.AbstractVideoCrawler - filter downloaded video:多人运动上海欲女白浆都被操出来了
23:36:12.911 INFO [main] cn.com.sun.crawler.AbstractVideoCrawler - filter downloaded video:上海英语老师一枚 上部 点关注 别错过好内容
23:36:12.911 INFO [main] cn.com.sun.crawler.AbstractVideoCrawler - filter downloaded video:2022年娇妻3p完整版
23:36:12.911 INFO [main] cn.com.sun.crawler.AbstractVideoCrawler - filter downloaded video:健身教练和闺蜜被我轮流内射
23:36:12.911 INFO [main] cn.com.sun.crawler.AbstractVideoCrawler - filter downloaded video:全程露脸妇科医院护士下班后反差
23:36:12.912 INFO [main] cn.com.sun.crawler.AbstractVideoCrawler - filter downloaded video:酒后系列：后面不让拍了
23:36:12.912 INFO [main] cn.com.sun.crawler.AbstractVideoCrawler - filter downloaded video:年度重度露脸合集续集童颜巨乳内射你想要的都有
23:36:12.912 INFO [main] cn.com.sun.crawler.AbstractVideoCrawler - filter downloaded video:完整内射02年高三可爱双马尾学妹
23:36:12.912 INFO [main] cn.com.sun.crawler.AbstractVideoCrawler - filter downloaded video:03年的舞蹈生真是太嫩了 体验感非常好
23:36:12.912 INFO [main] cn.com.sun.crawler.AbstractVideoCrawler - filter downloaded video:00后space营销，水多逼紧粉嫩。
23:36:12.912 INFO [main] cn.com.sun.crawler.AbstractVideoCrawler - filter downloaded video:美甲店美女央央新年第一炮
23:36:12.912 INFO [main] cn.com.sun.crawler.AbstractVideoCrawler - filter downloaded video:[南京约]旗袍粉丝后续，数一数喊了多少次baba
23:36:12.912 INFO [main] cn.com.sun.crawler.AbstractVideoCrawler - crawler parse page :http://91porn.com/v.php?category=top&viewtype=basic end
23:36:12.912 INFO [main] cn.com.sun.crawler.AbstractVideoCrawler - crawler parse page :http://91porn.com/v.php?category=tf&viewtype=basic start
23:36:12.912 INFO [main] cn.com.sun.crawler.util.HttpClient - begin request : http://91porn.com/v.php?category=tf&viewtype=basic
23:36:12.912 INFO [main] cn.com.sun.crawler.util.HttpClient - try count：1
23:36:13.584 INFO [main] cn.com.sun.crawler.util.HttpClient - response status:HTTP/1.1 200 OK 
23:36:13.796 INFO [main] cn.com.sun.crawler.AbstractVideoCrawler - filter downloaded video:极品E奶美女大早上把我骑醒 晃得眼花 (已更新跪舔)
23:36:13.796 INFO [main] cn.com.sun.crawler.AbstractVideoCrawler - filter downloaded video:上海英语老师一枚 上部 点关注 别错过好内容
23:36:13.796 INFO [main] cn.com.sun.crawler.AbstractVideoCrawler - filter downloaded video:露脸少妇对白：我不骚！啊！深一点，草我！
23:36:13.797 INFO [main] cn.com.sun.crawler.AbstractVideoCrawler - filter downloaded video:长得漂亮 胸又挺
23:36:13.797 INFO [main] cn.com.sun.crawler.AbstractVideoCrawler - filter downloaded video:2022年娇妻3p完整版
23:36:13.797 INFO [main] cn.com.sun.crawler.AbstractVideoCrawler - filter downloaded video:学妹真实出轨实录，对白精彩！请用力草我！
23:36:13.797 INFO [main] cn.com.sun.crawler.AbstractVideoCrawler - filter downloaded video:体校队的大姐大
23:36:13.797 INFO [main] cn.com.sun.crawler.AbstractVideoCrawler - filter downloaded video:巨乳就是性欲强 G+罩杯天然乳牛
23:36:13.797 INFO [main] cn.com.sun.crawler.AbstractVideoCrawler - filter downloaded video:超爱的一个眼镜小姐姐
23:36:13.797 INFO [main] cn.com.sun.crawler.AbstractVideoCrawler - filter downloaded video:约发育超好的03年学妹居然是巨乳发育的真好
23:36:13.797 INFO [main] cn.com.sun.crawler.AbstractVideoCrawler - filter downloaded video:美甲店美女央央新年第一炮
23:36:13.797 INFO [main] cn.com.sun.crawler.AbstractVideoCrawler - filter downloaded video:这声音自己听吧
23:36:13.797 INFO [main] cn.com.sun.crawler.AbstractVideoCrawler - filter downloaded video:露脸听话小猫咪新娘完整，这浑圆白乳你能坚持多久，收藏+++
23:36:13.797 INFO [main] cn.com.sun.crawler.AbstractVideoCrawler - filter downloaded video:上海嘻哈女疯狂爱上18CM的铁棒！
23:36:13.797 INFO [main] cn.com.sun.crawler.AbstractVideoCrawler - filter downloaded video:[南京约]旗袍粉丝后续，数一数喊了多少次baba
23:36:13.798 INFO [main] cn.com.sun.crawler.AbstractVideoCrawler - filter downloaded video:全程露脸妇科医院护士下班后反差
23:36:13.798 INFO [main] cn.com.sun.crawler.AbstractVideoCrawler - filter downloaded video:你玩你的，我操我的
23:36:13.798 INFO [main] cn.com.sun.crawler.AbstractVideoCrawler - filter downloaded video:有没有高潮表情说明了一切
23:36:13.798 INFO [main] cn.com.sun.crawler.AbstractVideoCrawler - filter downloaded video:完整内射02年高三可爱双马尾学妹
23:36:13.798 INFO [main] cn.com.sun.crawler.AbstractVideoCrawler - filter downloaded video:纤细极品身材，她男友却阳痿，便宜我大鸡巴了
23:36:13.798 INFO [main] cn.com.sun.crawler.AbstractVideoCrawler - filter downloaded video:啊 我想被你内射 我好想3P啊！
23:36:13.798 INFO [main] cn.com.sun.crawler.AbstractVideoCrawler - filter downloaded video:戴眼镜，高学历反差人妻同事，骑乘有点骚
23:36:13.798 INFO [main] cn.com.sun.crawler.AbstractVideoCrawler - filter downloaded video:“打电话给你兄弟，叫床给他听”
23:36:13.798 INFO [main] cn.com.sun.crawler.AbstractVideoCrawler - filter downloaded video:大奶女同事酒店被客户强上后尽然主动要求3p
23:36:13.798 INFO [main] cn.com.sun.crawler.AbstractVideoCrawler - crawler parse page :http://91porn.com/v.php?category=tf&viewtype=basic end
23:36:13.798 INFO [main] cn.com.sun.crawler.AbstractVideoCrawler - crawler parse page :http://91porn.com/v.php?category=md&viewtype=basic start
23:36:13.799 INFO [main] cn.com.sun.crawler.util.HttpClient - begin request : http://91porn.com/v.php?category=md&viewtype=basic
23:36:13.799 INFO [main] cn.com.sun.crawler.util.HttpClient - try count：1
23:36:14.431 INFO [main] cn.com.sun.crawler.util.HttpClient - response status:HTTP/1.1 200 OK 
23:36:14.646 INFO [main] cn.com.sun.crawler.AbstractVideoCrawler - filter downloaded video:单独出一期撸管视频会不会有人喜欢呢？
23:36:14.647 INFO [main] cn.com.sun.crawler.AbstractVideoCrawler - filter downloaded video:上海英语老师一枚 上部 点关注 别错过好内容
23:36:14.647 INFO [main] cn.com.sun.crawler.AbstractVideoCrawler - filter downloaded video:窒息淫语 结尾内射操尿
23:36:14.648 INFO [main] cn.com.sun.crawler.AbstractVideoCrawler - filter downloaded video:学妹真实出轨实录，对白精彩！请用力草我！
23:36:14.648 INFO [main] cn.com.sun.crawler.AbstractVideoCrawler - filter downloaded video:“打电话给你兄弟，叫床给他听”
23:36:14.648 INFO [main] cn.com.sun.crawler.AbstractVideoCrawler - filter downloaded video:约发育超好的03年学妹居然是巨乳发育的真好
23:36:14.649 INFO [main] cn.com.sun.crawler.AbstractVideoCrawler - filter downloaded video:多人运动上海欲女白浆都被操出来了
23:36:14.649 INFO [main] cn.com.sun.crawler.AbstractVideoCrawler - filter downloaded video:03年的舞蹈生真是太嫩了 体验感非常好
23:36:14.649 INFO [main] cn.com.sun.crawler.AbstractVideoCrawler - filter downloaded video:按摩店人前露出，勾引技师操了两次（上集接广告）
23:36:14.649 INFO [main] cn.com.sun.crawler.AbstractVideoCrawler - filter downloaded video:撒娇小猫咪能有什么坏心思呢露脸新娘正片来啦
23:36:14.650 INFO [main] cn.com.sun.crawler.AbstractVideoCrawler - filter downloaded video:大奶女同事酒店被客户强上后尽然主动要求3p
23:36:14.650 INFO [main] cn.com.sun.crawler.AbstractVideoCrawler - filter downloaded video:深圳车展180cm长腿车模一枚 下部已更
23:36:14.651 INFO [main] cn.com.sun.crawler.AbstractVideoCrawler - filter downloaded video:完整内射02年高三可爱双马尾学妹
23:36:14.651 INFO [main] cn.com.sun.crawler.AbstractVideoCrawler - filter downloaded video:2022年娇妻3p完整版
23:36:14.652 INFO [main] cn.com.sun.crawler.AbstractVideoCrawler - filter downloaded video:露脸少妇对白：我不骚！啊！深一点，草我！
23:36:14.652 INFO [main] cn.com.sun.crawler.AbstractVideoCrawler - filter downloaded video:露脸听话小猫咪新娘完整，这浑圆白乳你能坚持多久，收藏+++
23:36:14.652 INFO [main] cn.com.sun.crawler.AbstractVideoCrawler - filter downloaded video:你们催的露脸清纯校花，我太爱她的乳头了，关注看后续收藏
23:36:14.653 INFO [main] cn.com.sun.crawler.AbstractVideoCrawler - filter downloaded video:00后健身女私教这大屁股真是极品，是男人都受不了
23:36:14.653 INFO [main] cn.com.sun.crawler.AbstractVideoCrawler - filter downloaded video:体校队的大姐大
23:36:14.653 INFO [main] cn.com.sun.crawler.AbstractVideoCrawler - filter downloaded video:巨臀健身教练，年后第一炮
23:36:14.653 INFO [main] cn.com.sun.crawler.AbstractVideoCrawler - filter downloaded video:带孩子来找我约的良家少妇，孩子在外面哭着喊mama
23:36:14.653 INFO [main] cn.com.sun.crawler.AbstractVideoCrawler - filter downloaded video:美院学妹会瑜伽 床尾深喉后入外射 完整版
23:36:14.653 INFO [main] cn.com.sun.crawler.AbstractVideoCrawler - filter downloaded video:新年新作品重磅来袭，99年小骚货沦为肉变器
23:36:14.654 INFO [main] cn.com.sun.crawler.AbstractVideoCrawler - filter downloaded video:对白精彩！售楼小姐被潜规则
23:36:14.654 INFO [main] cn.com.sun.crawler.AbstractVideoCrawler - crawler parse page :http://91porn.com/v.php?category=md&viewtype=basic end
23:36:14.654 INFO [main] cn.com.sun.crawler.AbstractVideoCrawler - crawler parse page :http://91porn.com/v.php?category=top&m=-1&viewtype=basic start
23:36:14.654 INFO [main] cn.com.sun.crawler.util.HttpClient - begin request : http://91porn.com/v.php?category=top&m=-1&viewtype=basic
23:36:14.654 INFO [main] cn.com.sun.crawler.util.HttpClient - try count：1
23:36:15.310 INFO [main] cn.com.sun.crawler.util.HttpClient - response status:HTTP/1.1 200 OK 
23:36:15.431 INFO [main] cn.com.sun.crawler.AbstractVideoCrawler - filter downloaded video:高潮的表情就是这么真实 杭州某大二学生
23:36:15.431 INFO [main] cn.com.sun.crawler.AbstractVideoCrawler - filter downloaded video:气质御姐被内射 当场气到崩溃
23:36:15.431 INFO [main] cn.com.sun.crawler.AbstractVideoCrawler - filter downloaded video:02年C奶美院学生口到自己淫水拉丝 上位篇 有91手势验证
23:36:15.431 INFO [main] cn.com.sun.crawler.AbstractVideoCrawler - filter downloaded video:“快射里面”艺展勾搭的极品身材情趣丝袜爆操
23:36:15.431 INFO [main] cn.com.sun.crawler.AbstractVideoCrawler - filter downloaded video:对白精彩，3位露脸女友合集，全部射在脸上！
23:36:15.431 INFO [main] cn.com.sun.crawler.AbstractVideoCrawler - filter downloaded video:跪舔
23:36:15.431 INFO [main] cn.com.sun.crawler.AbstractVideoCrawler - filter downloaded video:熟女骑乘23CM大长屌激烈高潮，深深插入
23:36:15.432 INFO [main] cn.com.sun.crawler.AbstractVideoCrawler - filter downloaded video:饭店包厢忍不住后入巨乳少妇差点被服务员的发现
23:36:15.432 INFO [main] cn.com.sun.crawler.AbstractVideoCrawler - filter downloaded video:女神女友全露脸满足一切想象（没有违规啊）
23:36:15.432 INFO [main] cn.com.sun.crawler.AbstractVideoCrawler - filter downloaded video:公司领导带员工开房，刺激？
23:36:15.432 INFO [main] cn.com.sun.crawler.AbstractVideoCrawler - filter downloaded video:开头30秒高潮颤抖，初尝高潮的学生第三部
23:36:15.432 INFO [main] cn.com.sun.crawler.AbstractVideoCrawler - filter downloaded video:刚成年的嫩妹酒店挨操 还很害羞呢
23:36:15.432 INFO [main] cn.com.sun.crawler.AbstractVideoCrawler - filter downloaded video:真正的一夜七次郎！第二集，健身房健身教练勾引会员开房操逼
23:36:15.432 INFO [main] cn.com.sun.crawler.AbstractVideoCrawler - filter downloaded video:别人家的大屁股人妻就是不一样，太刺激了（大奶肥熟女老女大妈偷情自拍）
23:36:15.432 INFO [main] cn.com.sun.crawler.AbstractVideoCrawler - filter downloaded video:上床直接扑倒完美身材极品女友狠狠抽插
23:36:15.432 INFO [main] cn.com.sun.crawler.AbstractVideoCrawler - filter downloaded video:0991经不经典我不管 我就喜欢这一款
23:36:15.433 INFO [main] cn.com.sun.crawler.AbstractVideoCrawler - filter downloaded video:“老公~你就让我和黑人尽情享受交欢吧~”
23:36:15.433 INFO [main] cn.com.sun.crawler.AbstractVideoCrawler - filter downloaded video:“你男友打电话了” “不管他！快用力操我高潮！”
23:36:15.433 INFO [main] cn.com.sun.crawler.AbstractVideoCrawler - filter downloaded video:不脱牛仔裤的年轻反差女友
23:36:15.433 INFO [main] cn.com.sun.crawler.AbstractVideoCrawler - filter downloaded video:原创微露脸02年音乐学院大长腿偷情 后面有男朋友来敲门
23:36:15.433 INFO [main] cn.com.sun.crawler.AbstractVideoCrawler - filter downloaded video:这样的御姐你们会出多少钱，调研下
23:36:15.433 INFO [main] cn.com.sun.crawler.AbstractVideoCrawler - filter downloaded video:“可以打电话，别那么用力好吗，会被发现”
23:36:15.433 INFO [main] cn.com.sun.crawler.AbstractVideoCrawler - filter downloaded video:骚妻女教师 边上网课边被操 （真实，有验证）
23:36:15.433 INFO [main] cn.com.sun.crawler.AbstractVideoCrawler - filter downloaded video:气质御姐笑起来好迷人 ：“不能拍，打你，啊啊…”
23:36:15.433 INFO [main] cn.com.sun.crawler.AbstractVideoCrawler - crawler parse page :http://91porn.com/v.php?category=top&m=-1&viewtype=basic end
23:36:15.441 INFO [main] cn.com.sun.crawler.AbstractVideoCrawler - video list：↓↓↓↓↓↓↓↓↓↓↓↓↓↓↓↓↓↓↓↓↓↓↓↓↓↓↓↓↓↓↓↓↓↓↓↓↓↓↓↓↓↓
23:36:15.443 INFO [main] cn.com.sun.crawler.AbstractVideoCrawler - playvthumb_598197|大学生宿舍真实偷情怕被发现拉上床帘
23:36:15.443 INFO [main] cn.com.sun.crawler.AbstractVideoCrawler - playvthumb_598164|上海F奶哺乳人妻在自己老公的老板家兼职保姆
23:36:15.443 INFO [main] cn.com.sun.crawler.AbstractVideoCrawler - video list：↑↑↑↑↑↑↑↑↑↑↑↑↑↑↑↑↑↑↑↑↑↑↑↑↑↑↑↑↑↑↑↑↑↑↑↑↑↑↑↑↑↑
23:36:15.444 INFO [main] cn.com.sun.crawler.util.HttpClient - begin request : http://91porn.com/view_video.php?viewkey=ac9f0c4ffd888e58ee30&page=1&viewtype=basic&category=hot
23:36:15.444 INFO [main] cn.com.sun.crawler.util.HttpClient - try count：1
23:36:16.190 INFO [main] cn.com.sun.crawler.util.HttpClient - response status:HTTP/1.1 200 OK 
23:36:16.491 INFO [main] cn.com.sun.crawler.util.HttpClient - begin request : http://91porn.com/view_video.php?viewkey=194de0e3698151e6eaac&page=1&viewtype=basic&category=hot
23:36:16.491 INFO [main] cn.com.sun.crawler.util.HttpClient - try count：1
23:36:17.126 INFO [main] cn.com.sun.crawler.util.HttpClient - response status:HTTP/1.1 200 OK 
23:36:28.168 INFO [main] cn.com.sun.crawler.impl.PornCrawler - get 大学生宿舍真实偷情怕被发现拉上床帘 download url from share url: http://91.9p9.xyz/ev.php?VID=b7e3g7CWcZhWJCMnnL9Q6k52l3PyfmuQeZbFhaeSDszvjiYy
23:36:30.260 INFO [main] cn.com.sun.crawler.impl.PornCrawler - get 上海F奶哺乳人妻在自己老公的老板家兼职保姆 download url from share url: http://91.9p9.xyz/ev.php?VID=64d1v8zkRZRoltWGpMiA4mEaGwZMDZohnJXcNAvHDuV2YOzV
23:36:32.906 INFO [download-processor-3] cn.com.sun.crawler.util.VideoHandler - download video start name:上海F奶哺乳人妻在自己老公的老板家兼职保姆
23:36:32.929 INFO [download-processor-1] cn.com.sun.crawler.util.VideoHandler - download video start name:大学生宿舍真实偷情怕被发现拉上床帘
23:36:43.693 INFO [download-processor-3] cn.com.sun.crawler.util.VideoHandler - download video success name:上海F奶哺乳人妻在自己老公的老板家兼职保姆
23:36:43.696 INFO [download-processor-3] cn.com.sun.crawler.util.VideoHandler - start run cmd D:\dev\software\ffmpeg\bin\ffmpeg.exe -f concat -safe 0 -i E:\Download\crawler\2022-02-13\598164\fileList.txt -c copy E:\Download\crawler\2022-02-13\598164.mp4
23:36:45.965 INFO [download-monitor] cn.com.sun.crawler.AbstractVideoCrawler - total task:2; succeeded task:0; failed task:0
23:36:48.646 INFO [download-processor-4] cn.com.sun.crawler.util.FileAccessManager - write json file:{"id":"playvthumb_598164","title":"上海F奶哺乳人妻在自己老公的老板家兼职保姆","author":"makelovexiner","date":"2022-02-12","storeNum":1245,"watchNum":51478,"duration":242}
23:36:49.017 INFO [download-processor-1] cn.com.sun.crawler.util.VideoHandler - download video success name:大学生宿舍真实偷情怕被发现拉上床帘
23:36:49.019 INFO [download-processor-1] cn.com.sun.crawler.util.VideoHandler - start run cmd D:\dev\software\ffmpeg\bin\ffmpeg.exe -f concat -safe 0 -i E:\Download\crawler\2022-02-13\598197\fileList.txt -c copy E:\Download\crawler\2022-02-13\598197.mp4
23:36:53.121 INFO [download-processor-2] cn.com.sun.crawler.util.FileAccessManager - write json file:{"id":"playvthumb_598197","title":"大学生宿舍真实偷情怕被发现拉上床帘","author":"lixianshengNB","date":"2022-02-12","storeNum":1085,"watchNum":87312,"duration":588}
23:37:00.974 INFO [download-monitor] cn.com.sun.crawler.AbstractVideoCrawler - total task:2; succeeded task:2; failed task:0
